-- The C compiler identification is GNU 11.4.0
-- The CXX compiler identification is GNU 11.4.0
-- Detecting C compiler ABI info
-- Detecting C compiler ABI info - done
-- Check for working C compiler: /usr/bin/cc - skipped
-- Detecting C compile features
-- Detecting C compile features - done
-- Detecting CXX compiler ABI info
-- Detecting CXX compiler ABI info - done
-- Check for working CXX compiler: /usr/bin/c++ - skipped
-- Detecting CXX compile features
-- Detecting CXX compile features - done
-- Found ament_cmake: 2.0.3 (/opt/ros/iron/share/ament_cmake/cmake)
-- Found Python3: /usr/bin/python3.10 (found version "3.10.12") found components: Interpreter 
-- Found urdf: 2.8.2 (/opt/ros/iron/share/urdf/cmake)
-- Configuring done
-- Generating done
-- Build files have been written to: /home/fumi/Downloads/mistletoe_description/build/mistletoe_description
-- Install configuration: ""
-- Installing: /home/fumi/Downloads/mistletoe_description/install/mistletoe_description/share/mistletoe_description/meshes
-- Installing: /home/fumi/Downloads/mistletoe_description/install/mistletoe_description/share/mistletoe_description/meshes/Electrical_1.stl
-- Installing: /home/fumi/Downloads/mistletoe_description/install/mistletoe_description/share/mistletoe_description/meshes/ANKLE_v4_2.stl
-- Installing: /home/fumi/Downloads/mistletoe_description/install/mistletoe_description/share/mistletoe_description/meshes/base_link.stl
-- Installing: /home/fumi/Downloads/mistletoe_description/install/mistletoe_description/share/mistletoe_description/meshes/Hip_1.stl
-- Installing: /home/fumi/Downloads/mistletoe_description/install/mistletoe_description/share/mistletoe_description/meshes/ANKLE_v4_1.stl
-- Installing: /home/fumi/Downloads/mistletoe_description/install/mistletoe_description/share/mistletoe_description/meshes/ACTUATOR_V2.1__KNEE__v10_3.stl
-- Installing: /home/fumi/Downloads/mistletoe_description/install/mistletoe_description/share/mistletoe_description/meshes/ACTUATOR_V2.1__KNEE__v10_4.stl
-- Installing: /home/fumi/Downloads/mistletoe_description/install/mistletoe_description/share/mistletoe_description/meshes/Hip_2.stl
-- Installing: /home/fumi/Downloads/mistletoe_description/install/mistletoe_description/share/mistletoe_description/meshes/ACTUATOR_V2.1__KNEE__v10_1.stl
-- Installing: /home/fumi/Downloads/mistletoe_description/install/mistletoe_description/share/mistletoe_description/meshes/Hip_4.stl
-- Installing: /home/fumi/Downloads/mistletoe_description/install/mistletoe_description/share/mistletoe_description/meshes/Hip_3.stl
-- Installing: /home/fumi/Downloads/mistletoe_description/install/mistletoe_description/share/mistletoe_description/meshes/ANKLE_v4_3.stl
-- Installing: /home/fumi/Downloads/mistletoe_description/install/mistletoe_description/share/mistletoe_description/meshes/ANKLE_v4_4.stl
-- Installing: /home/fumi/Downloads/mistletoe_description/install/mistletoe_description/share/mistletoe_description/meshes/ACTUATOR_V2.1__KNEE__v10_2.stl
-- Installing: /home/fumi/Downloads/mistletoe_description/install/mistletoe_description/share/mistletoe_description/urdf
-- Installing: /home/fumi/Downloads/mistletoe_description/install/mistletoe_description/share/mistletoe_description/urdf/mistletoe.trans
-- Installing: /home/fumi/Downloads/mistletoe_description/install/mistletoe_description/share/mistletoe_description/urdf/materials.xacro
-- Installing: /home/fumi/Downloads/mistletoe_description/install/mistletoe_description/share/mistletoe_description/urdf/mistletoe.xacro
-- Installing: /home/fumi/Downloads/mistletoe_description/install/mistletoe_description/share/mistletoe_description/launch
-- Installing: /home/fumi/Downloads/mistletoe_description/install/mistletoe_description/share/mistletoe_description/launch/robot_description.launch.py
-- Installing: /home/fumi/Downloads/mistletoe_description/install/mistletoe_description/share/ament_index/resource_index/package_run_dependencies/mistletoe_description
-- Installing: /home/fumi/Downloads/mistletoe_description/install/mistletoe_description/share/ament_index/resource_index/parent_prefix_path/mistletoe_description
-- Installing: /home/fumi/Downloads/mistletoe_description/install/mistletoe_description/share/mistletoe_description/environment/ament_prefix_path.sh
-- Installing: /home/fumi/Downloads/mistletoe_description/install/mistletoe_description/share/mistletoe_description/environment/ament_prefix_path.dsv
-- Installing: /home/fumi/Downloads/mistletoe_description/install/mistletoe_description/share/mistletoe_description/environment/path.sh
-- Installing: /home/fumi/Downloads/mistletoe_description/install/mistletoe_description/share/mistletoe_description/environment/path.dsv
-- Installing: /home/fumi/Downloads/mistletoe_description/install/mistletoe_description/share/mistletoe_description/local_setup.bash
-- Installing: /home/fumi/Downloads/mistletoe_description/install/mistletoe_description/share/mistletoe_description/local_setup.sh
-- Installing: /home/fumi/Downloads/mistletoe_description/install/mistletoe_description/share/mistletoe_description/local_setup.zsh
-- Installing: /home/fumi/Downloads/mistletoe_description/install/mistletoe_description/share/mistletoe_description/local_setup.dsv
-- Installing: /home/fumi/Downloads/mistletoe_description/install/mistletoe_description/share/mistletoe_description/package.dsv
-- Installing: /home/fumi/Downloads/mistletoe_description/install/mistletoe_description/share/ament_index/resource_index/packages/mistletoe_description
-- Installing: /home/fumi/Downloads/mistletoe_description/install/mistletoe_description/share/mistletoe_description/cmake/mistletoe_descriptionConfig.cmake
-- Installing: /home/fumi/Downloads/mistletoe_description/install/mistletoe_description/share/mistletoe_description/cmake/mistletoe_descriptionConfig-version.cmake
-- Installing: /home/fumi/Downloads/mistletoe_description/install/mistletoe_description/share/mistletoe_description/package.xml
