[0.044s] Invoking command in '/home/fumi/Downloads/mistletoe_description/build/mistletoe_description': CMAKE_PREFIX_PATH=/opt/ros/iron CONDA_PROMPT_MODIFIER=(base) /usr/bin/cmake /home/fumi/Downloads/mistletoe_description/mistletoe_description -DCMAKE_INSTALL_PREFIX=/home/fumi/Downloads/mistletoe_description/install/mistletoe_description
[0.084s] -- The C compiler identification is GNU 11.4.0
[0.124s] -- The CXX compiler identification is GNU 11.4.0
[0.131s] -- Detecting C compiler ABI info
[0.185s] -- Detecting C compiler ABI info - done
[0.189s] -- Check for working C compiler: /usr/bin/cc - skipped
[0.190s] -- Detecting C compile features
[0.190s] -- Detecting C compile features - done
[0.192s] -- Detecting CXX compiler ABI info
[0.255s] -- Detecting CXX compiler ABI info - done
[0.259s] -- Check for working CXX compiler: /usr/bin/c++ - skipped
[0.260s] -- Detecting CXX compile features
[0.260s] -- Detecting CXX compile features - done
[0.261s] -- Found ament_cmake: 2.0.3 (/opt/ros/iron/share/ament_cmake/cmake)
[0.398s] -- Found Python3: /usr/bin/python3.10 (found version "3.10.12") found components: Interpreter 
[0.456s] -- Found urdf: 2.8.2 (/opt/ros/iron/share/urdf/cmake)
[0.539s] -- Configuring done
[0.542s] -- Generating done
[0.542s] -- Build files have been written to: /home/fumi/Downloads/mistletoe_description/build/mistletoe_description
[0.547s] Invoked command in '/home/fumi/Downloads/mistletoe_description/build/mistletoe_description' returned '0': CMAKE_PREFIX_PATH=/opt/ros/iron CONDA_PROMPT_MODIFIER=(base) /usr/bin/cmake /home/fumi/Downloads/mistletoe_description/mistletoe_description -DCMAKE_INSTALL_PREFIX=/home/fumi/Downloads/mistletoe_description/install/mistletoe_description
[0.548s] Invoking command in '/home/fumi/Downloads/mistletoe_description/build/mistletoe_description': CMAKE_PREFIX_PATH=/opt/ros/iron CONDA_PROMPT_MODIFIER=(base) /usr/bin/cmake --build /home/fumi/Downloads/mistletoe_description/build/mistletoe_description -- -j12 -l12
[0.581s] Invoked command in '/home/fumi/Downloads/mistletoe_description/build/mistletoe_description' returned '0': CMAKE_PREFIX_PATH=/opt/ros/iron CONDA_PROMPT_MODIFIER=(base) /usr/bin/cmake --build /home/fumi/Downloads/mistletoe_description/build/mistletoe_description -- -j12 -l12
[0.606s] Invoking command in '/home/fumi/Downloads/mistletoe_description/build/mistletoe_description': CMAKE_PREFIX_PATH=/opt/ros/iron CONDA_PROMPT_MODIFIER=(base) /usr/bin/cmake --install /home/fumi/Downloads/mistletoe_description/build/mistletoe_description
[0.611s] -- Install configuration: ""
[0.611s] -- Installing: /home/fumi/Downloads/mistletoe_description/install/mistletoe_description/share/mistletoe_description/meshes
[0.612s] -- Installing: /home/fumi/Downloads/mistletoe_description/install/mistletoe_description/share/mistletoe_description/meshes/Electrical_1.stl
[0.613s] -- Installing: /home/fumi/Downloads/mistletoe_description/install/mistletoe_description/share/mistletoe_description/meshes/ANKLE_v4_2.stl
[0.613s] -- Installing: /home/fumi/Downloads/mistletoe_description/install/mistletoe_description/share/mistletoe_description/meshes/base_link.stl
[0.629s] -- Installing: /home/fumi/Downloads/mistletoe_description/install/mistletoe_description/share/mistletoe_description/meshes/Hip_1.stl
[0.632s] -- Installing: /home/fumi/Downloads/mistletoe_description/install/mistletoe_description/share/mistletoe_description/meshes/ANKLE_v4_1.stl
[0.633s] -- Installing: /home/fumi/Downloads/mistletoe_description/install/mistletoe_description/share/mistletoe_description/meshes/ACTUATOR_V2.1__KNEE__v10_3.stl
[0.638s] -- Installing: /home/fumi/Downloads/mistletoe_description/install/mistletoe_description/share/mistletoe_description/meshes/ACTUATOR_V2.1__KNEE__v10_4.stl
[0.643s] -- Installing: /home/fumi/Downloads/mistletoe_description/install/mistletoe_description/share/mistletoe_description/meshes/Hip_2.stl
[0.646s] -- Installing: /home/fumi/Downloads/mistletoe_description/install/mistletoe_description/share/mistletoe_description/meshes/ACTUATOR_V2.1__KNEE__v10_1.stl
[0.651s] -- Installing: /home/fumi/Downloads/mistletoe_description/install/mistletoe_description/share/mistletoe_description/meshes/Hip_4.stl
[0.655s] -- Installing: /home/fumi/Downloads/mistletoe_description/install/mistletoe_description/share/mistletoe_description/meshes/Hip_3.stl
[0.658s] -- Installing: /home/fumi/Downloads/mistletoe_description/install/mistletoe_description/share/mistletoe_description/meshes/ANKLE_v4_3.stl
[0.659s] -- Installing: /home/fumi/Downloads/mistletoe_description/install/mistletoe_description/share/mistletoe_description/meshes/ANKLE_v4_4.stl
[0.659s] -- Installing: /home/fumi/Downloads/mistletoe_description/install/mistletoe_description/share/mistletoe_description/meshes/ACTUATOR_V2.1__KNEE__v10_2.stl
[0.664s] -- Installing: /home/fumi/Downloads/mistletoe_description/install/mistletoe_description/share/mistletoe_description/urdf
[0.664s] -- Installing: /home/fumi/Downloads/mistletoe_description/install/mistletoe_description/share/mistletoe_description/urdf/mistletoe.trans
[0.664s] -- Installing: /home/fumi/Downloads/mistletoe_description/install/mistletoe_description/share/mistletoe_description/urdf/materials.xacro
[0.664s] -- Installing: /home/fumi/Downloads/mistletoe_description/install/mistletoe_description/share/mistletoe_description/urdf/mistletoe.xacro
[0.664s] -- Installing: /home/fumi/Downloads/mistletoe_description/install/mistletoe_description/share/mistletoe_description/launch
[0.664s] -- Installing: /home/fumi/Downloads/mistletoe_description/install/mistletoe_description/share/mistletoe_description/launch/robot_description.launch.py
[0.665s] -- Installing: /home/fumi/Downloads/mistletoe_description/install/mistletoe_description/share/ament_index/resource_index/package_run_dependencies/mistletoe_description
[0.665s] -- Installing: /home/fumi/Downloads/mistletoe_description/install/mistletoe_description/share/ament_index/resource_index/parent_prefix_path/mistletoe_description
[0.665s] -- Installing: /home/fumi/Downloads/mistletoe_description/install/mistletoe_description/share/mistletoe_description/environment/ament_prefix_path.sh
[0.665s] -- Installing: /home/fumi/Downloads/mistletoe_description/install/mistletoe_description/share/mistletoe_description/environment/ament_prefix_path.dsv
[0.665s] -- Installing: /home/fumi/Downloads/mistletoe_description/install/mistletoe_description/share/mistletoe_description/environment/path.sh
[0.665s] -- Installing: /home/fumi/Downloads/mistletoe_description/install/mistletoe_description/share/mistletoe_description/environment/path.dsv
[0.665s] -- Installing: /home/fumi/Downloads/mistletoe_description/install/mistletoe_description/share/mistletoe_description/local_setup.bash
[0.666s] -- Installing: /home/fumi/Downloads/mistletoe_description/install/mistletoe_description/share/mistletoe_description/local_setup.sh
[0.666s] -- Installing: /home/fumi/Downloads/mistletoe_description/install/mistletoe_description/share/mistletoe_description/local_setup.zsh
[0.666s] -- Installing: /home/fumi/Downloads/mistletoe_description/install/mistletoe_description/share/mistletoe_description/local_setup.dsv
[0.666s] -- Installing: /home/fumi/Downloads/mistletoe_description/install/mistletoe_description/share/mistletoe_description/package.dsv
[0.666s] -- Installing: /home/fumi/Downloads/mistletoe_description/install/mistletoe_description/share/ament_index/resource_index/packages/mistletoe_description
[0.666s] -- Installing: /home/fumi/Downloads/mistletoe_description/install/mistletoe_description/share/mistletoe_description/cmake/mistletoe_descriptionConfig.cmake
[0.666s] -- Installing: /home/fumi/Downloads/mistletoe_description/install/mistletoe_description/share/mistletoe_description/cmake/mistletoe_descriptionConfig-version.cmake
[0.666s] -- Installing: /home/fumi/Downloads/mistletoe_description/install/mistletoe_description/share/mistletoe_description/package.xml
[0.668s] Invoked command in '/home/fumi/Downloads/mistletoe_description/build/mistletoe_description' returned '0': CMAKE_PREFIX_PATH=/opt/ros/iron CONDA_PROMPT_MODIFIER=(base) /usr/bin/cmake --install /home/fumi/Downloads/mistletoe_description/build/mistletoe_description
