[0.814s] DEBUG:colcon:Command line arguments: ['/usr/bin/colcon', 'build']
[0.814s] DEBUG:colcon:Parsed command line arguments: Namespace(log_base=None, log_level=None, verb_name='build', build_base='build', install_base='install', merge_install=False, symlink_install=False, test_result_base=None, continue_on_error=False, executor='parallel', parallel_workers=12, event_handlers=None, ignore_user_meta=False, metas=['./colcon.meta'], base_paths=['.'], packages_ignore=None, packages_ignore_regex=None, paths=None, packages_up_to=None, packages_up_to_regex=None, packages_above=None, packages_above_and_dependencies=None, packages_above_depth=None, packages_select_by_dep=None, packages_skip_by_dep=None, packages_skip_up_to=None, packages_select_build_failed=False, packages_skip_build_finished=False, packages_select_test_failures=False, packages_skip_test_passed=False, packages_select=None, packages_skip=None, packages_select_regex=None, packages_skip_regex=None, packages_start=None, packages_end=None, allow_overriding=[], cmake_args=None, cmake_target=None, cmake_target_skip_unavailable=False, cmake_clean_cache=False, cmake_clean_first=False, cmake_force_configure=False, ament_cmake_args=None, catkin_cmake_args=None, catkin_skip_building_tests=False, verb_parser=<colcon_defaults.argument_parser.defaults.DefaultArgumentsDecorator object at 0x7d900aa71f30>, verb_extension=<colcon_core.verb.build.BuildVerb object at 0x7d900aefb0a0>, main=<bound method BuildVerb.main of <colcon_core.verb.build.BuildVerb object at 0x7d900aefb0a0>>)
[0.852s] Level 1:colcon.colcon_core.package_discovery:discover_packages(colcon_meta) check parameters
[0.852s] Level 1:colcon.colcon_core.package_discovery:discover_packages(recursive) check parameters
[0.852s] Level 1:colcon.colcon_core.package_discovery:discover_packages(ignore) check parameters
[0.852s] Level 1:colcon.colcon_core.package_discovery:discover_packages(path) check parameters
[0.852s] Level 1:colcon.colcon_core.package_discovery:discover_packages(colcon_meta) discover
[0.852s] Level 1:colcon.colcon_core.package_discovery:discover_packages(recursive) discover
[0.852s] INFO:colcon.colcon_core.package_discovery:Crawling recursively for packages in '/home/fumi/Downloads/mistletoe_description'
[0.852s] Level 1:colcon.colcon_core.package_identification:_identify(.) by extensions ['ignore', 'ignore_ament_install']
[0.852s] Level 1:colcon.colcon_core.package_identification:_identify(.) by extension 'ignore'
[0.852s] Level 1:colcon.colcon_core.package_identification:_identify(.) by extension 'ignore_ament_install'
[0.852s] Level 1:colcon.colcon_core.package_identification:_identify(.) by extensions ['colcon_pkg']
[0.852s] Level 1:colcon.colcon_core.package_identification:_identify(.) by extension 'colcon_pkg'
[0.852s] Level 1:colcon.colcon_core.package_identification:_identify(.) by extensions ['colcon_meta']
[0.852s] Level 1:colcon.colcon_core.package_identification:_identify(.) by extension 'colcon_meta'
[0.852s] Level 1:colcon.colcon_core.package_identification:_identify(.) by extensions ['ros']
[0.852s] Level 1:colcon.colcon_core.package_identification:_identify(.) by extension 'ros'
[0.860s] Level 1:colcon.colcon_core.package_identification:_identify(.) by extensions ['cmake', 'python']
[0.860s] Level 1:colcon.colcon_core.package_identification:_identify(.) by extension 'cmake'
[0.860s] Level 1:colcon.colcon_core.package_identification:_identify(.) by extension 'python'
[0.860s] Level 1:colcon.colcon_core.package_identification:_identify(.) by extensions ['python_setup_py']
[0.860s] Level 1:colcon.colcon_core.package_identification:_identify(.) by extension 'python_setup_py'
[0.860s] Level 1:colcon.colcon_core.package_identification:_identify(build) by extensions ['ignore', 'ignore_ament_install']
[0.860s] Level 1:colcon.colcon_core.package_identification:_identify(build) by extension 'ignore'
[0.860s] Level 1:colcon.colcon_core.package_identification:_identify(build) ignored
[0.860s] Level 1:colcon.colcon_core.package_identification:_identify(install) by extensions ['ignore', 'ignore_ament_install']
[0.860s] Level 1:colcon.colcon_core.package_identification:_identify(install) by extension 'ignore'
[0.860s] Level 1:colcon.colcon_core.package_identification:_identify(install) ignored
[0.860s] Level 1:colcon.colcon_core.package_identification:_identify(log) by extensions ['ignore', 'ignore_ament_install']
[0.860s] Level 1:colcon.colcon_core.package_identification:_identify(log) by extension 'ignore'
[0.860s] Level 1:colcon.colcon_core.package_identification:_identify(log) ignored
[0.860s] Level 1:colcon.colcon_core.package_identification:_identify(mistletoe_description) by extensions ['ignore', 'ignore_ament_install']
[0.860s] Level 1:colcon.colcon_core.package_identification:_identify(mistletoe_description) by extension 'ignore'
[0.860s] Level 1:colcon.colcon_core.package_identification:_identify(mistletoe_description) by extension 'ignore_ament_install'
[0.860s] Level 1:colcon.colcon_core.package_identification:_identify(mistletoe_description) by extensions ['colcon_pkg']
[0.861s] Level 1:colcon.colcon_core.package_identification:_identify(mistletoe_description) by extension 'colcon_pkg'
[0.861s] Level 1:colcon.colcon_core.package_identification:_identify(mistletoe_description) by extensions ['colcon_meta']
[0.861s] Level 1:colcon.colcon_core.package_identification:_identify(mistletoe_description) by extension 'colcon_meta'
[0.861s] Level 1:colcon.colcon_core.package_identification:_identify(mistletoe_description) by extensions ['ros']
[0.861s] Level 1:colcon.colcon_core.package_identification:_identify(mistletoe_description) by extension 'ros'
[0.862s] DEBUG:colcon.colcon_core.package_identification:Package 'mistletoe_description' with type 'ros.ament_cmake' and name 'mistletoe_description'
[0.862s] Level 1:colcon.colcon_core.package_discovery:discover_packages(recursive) using defaults
[0.862s] Level 1:colcon.colcon_core.package_discovery:discover_packages(ignore) discover
[0.862s] Level 1:colcon.colcon_core.package_discovery:discover_packages(ignore) using defaults
[0.862s] Level 1:colcon.colcon_core.package_discovery:discover_packages(path) discover
[0.862s] Level 1:colcon.colcon_core.package_discovery:discover_packages(path) using defaults
[0.937s] Level 1:colcon.colcon_core.package_discovery:discover_packages(prefix_path) check parameters
[0.938s] Level 1:colcon.colcon_core.package_discovery:discover_packages(prefix_path) discover
[0.963s] DEBUG:colcon.colcon_installed_package_information.package_discovery:Found 284 installed packages in /opt/ros/iron
[0.971s] Level 1:colcon.colcon_core.package_discovery:discover_packages(prefix_path) using defaults
[1.032s] Level 5:colcon.colcon_core.verb:set package 'mistletoe_description' build argument 'cmake_args' from command line to 'None'
[1.032s] Level 5:colcon.colcon_core.verb:set package 'mistletoe_description' build argument 'cmake_target' from command line to 'None'
[1.032s] Level 5:colcon.colcon_core.verb:set package 'mistletoe_description' build argument 'cmake_target_skip_unavailable' from command line to 'False'
[1.032s] Level 5:colcon.colcon_core.verb:set package 'mistletoe_description' build argument 'cmake_clean_cache' from command line to 'False'
[1.032s] Level 5:colcon.colcon_core.verb:set package 'mistletoe_description' build argument 'cmake_clean_first' from command line to 'False'
[1.032s] Level 5:colcon.colcon_core.verb:set package 'mistletoe_description' build argument 'cmake_force_configure' from command line to 'False'
[1.032s] Level 5:colcon.colcon_core.verb:set package 'mistletoe_description' build argument 'ament_cmake_args' from command line to 'None'
[1.032s] Level 5:colcon.colcon_core.verb:set package 'mistletoe_description' build argument 'catkin_cmake_args' from command line to 'None'
[1.032s] Level 5:colcon.colcon_core.verb:set package 'mistletoe_description' build argument 'catkin_skip_building_tests' from command line to 'False'
[1.032s] DEBUG:colcon.colcon_core.verb:Building package 'mistletoe_description' with the following arguments: {'ament_cmake_args': None, 'build_base': '/home/fumi/Downloads/mistletoe_description/build/mistletoe_description', 'catkin_cmake_args': None, 'catkin_skip_building_tests': False, 'cmake_args': None, 'cmake_clean_cache': False, 'cmake_clean_first': False, 'cmake_force_configure': False, 'cmake_target': None, 'cmake_target_skip_unavailable': False, 'install_base': '/home/fumi/Downloads/mistletoe_description/install/mistletoe_description', 'merge_install': False, 'path': '/home/fumi/Downloads/mistletoe_description/mistletoe_description', 'symlink_install': False, 'test_result_base': None}
[1.044s] INFO:colcon.colcon_core.executor:Executing jobs using 'parallel' executor
[1.057s] DEBUG:colcon.colcon_parallel_executor.executor.parallel:run_until_complete
[1.057s] INFO:colcon.colcon_ros.task.ament_cmake.build:Building ROS package in '/home/fumi/Downloads/mistletoe_description/mistletoe_description' with build type 'ament_cmake'
[1.057s] INFO:colcon.colcon_cmake.task.cmake.build:Building CMake package in '/home/fumi/Downloads/mistletoe_description/mistletoe_description'
[1.071s] INFO:colcon.colcon_core.plugin_system:Skipping extension 'colcon_core.shell.bat': Not used on non-Windows systems
[1.071s] INFO:colcon.colcon_core.shell:Skip shell extension 'powershell' for command environment: Not usable outside of PowerShell
[1.071s] DEBUG:colcon.colcon_core.shell:Skip shell extension 'dsv' for command environment
[1.101s] DEBUG:colcon.colcon_core.event_handler.log_command:Invoking command in '/home/fumi/Downloads/mistletoe_description/build/mistletoe_description': CMAKE_PREFIX_PATH=/opt/ros/iron CONDA_PROMPT_MODIFIER=(base) /usr/bin/cmake /home/fumi/Downloads/mistletoe_description/mistletoe_description -DCMAKE_INSTALL_PREFIX=/home/fumi/Downloads/mistletoe_description/install/mistletoe_description
[1.604s] DEBUG:colcon.colcon_core.event_handler.log_command:Invoked command in '/home/fumi/Downloads/mistletoe_description/build/mistletoe_description' returned '0': CMAKE_PREFIX_PATH=/opt/ros/iron CONDA_PROMPT_MODIFIER=(base) /usr/bin/cmake /home/fumi/Downloads/mistletoe_description/mistletoe_description -DCMAKE_INSTALL_PREFIX=/home/fumi/Downloads/mistletoe_description/install/mistletoe_description
[1.605s] DEBUG:colcon.colcon_core.event_handler.log_command:Invoking command in '/home/fumi/Downloads/mistletoe_description/build/mistletoe_description': CMAKE_PREFIX_PATH=/opt/ros/iron CONDA_PROMPT_MODIFIER=(base) /usr/bin/cmake --build /home/fumi/Downloads/mistletoe_description/build/mistletoe_description -- -j12 -l12
[1.638s] DEBUG:colcon.colcon_core.event_handler.log_command:Invoked command in '/home/fumi/Downloads/mistletoe_description/build/mistletoe_description' returned '0': CMAKE_PREFIX_PATH=/opt/ros/iron CONDA_PROMPT_MODIFIER=(base) /usr/bin/cmake --build /home/fumi/Downloads/mistletoe_description/build/mistletoe_description -- -j12 -l12
[1.664s] DEBUG:colcon.colcon_core.event_handler.log_command:Invoking command in '/home/fumi/Downloads/mistletoe_description/build/mistletoe_description': CMAKE_PREFIX_PATH=/opt/ros/iron CONDA_PROMPT_MODIFIER=(base) /usr/bin/cmake --install /home/fumi/Downloads/mistletoe_description/build/mistletoe_description
[1.725s] Level 1:colcon.colcon_core.environment:create_environment_scripts_only(mistletoe_description)
[1.726s] DEBUG:colcon.colcon_core.event_handler.log_command:Invoked command in '/home/fumi/Downloads/mistletoe_description/build/mistletoe_description' returned '0': CMAKE_PREFIX_PATH=/opt/ros/iron CONDA_PROMPT_MODIFIER=(base) /usr/bin/cmake --install /home/fumi/Downloads/mistletoe_description/build/mistletoe_description
[1.739s] Level 1:colcon.colcon_core.environment:checking '/home/fumi/Downloads/mistletoe_description/install/mistletoe_description' for CMake module files
[1.740s] Level 1:colcon.colcon_core.environment:checking '/home/fumi/Downloads/mistletoe_description/install/mistletoe_description' for CMake config files
[1.740s] Level 1:colcon.colcon_core.shell:create_environment_hook('mistletoe_description', 'cmake_prefix_path')
[1.752s] INFO:colcon.colcon_core.shell:Creating environment hook '/home/fumi/Downloads/mistletoe_description/install/mistletoe_description/share/mistletoe_description/hook/cmake_prefix_path.ps1'
[1.752s] INFO:colcon.colcon_core.shell:Creating environment descriptor '/home/fumi/Downloads/mistletoe_description/install/mistletoe_description/share/mistletoe_description/hook/cmake_prefix_path.dsv'
[1.752s] INFO:colcon.colcon_core.shell:Creating environment hook '/home/fumi/Downloads/mistletoe_description/install/mistletoe_description/share/mistletoe_description/hook/cmake_prefix_path.sh'
[1.753s] Level 1:colcon.colcon_core.environment:checking '/home/fumi/Downloads/mistletoe_description/install/mistletoe_description/bin'
[1.753s] Level 1:colcon.colcon_core.environment:checking '/home/fumi/Downloads/mistletoe_description/install/mistletoe_description/lib/pkgconfig/mistletoe_description.pc'
[1.753s] Level 1:colcon.colcon_core.environment:checking '/home/fumi/Downloads/mistletoe_description/install/mistletoe_description/lib/python3.10/site-packages'
[1.754s] Level 1:colcon.colcon_core.environment:checking '/home/fumi/Downloads/mistletoe_description/install/mistletoe_description/bin'
[1.766s] INFO:colcon.colcon_core.shell:Creating package script '/home/fumi/Downloads/mistletoe_description/install/mistletoe_description/share/mistletoe_description/package.ps1'
[1.767s] INFO:colcon.colcon_core.shell:Creating package descriptor '/home/fumi/Downloads/mistletoe_description/install/mistletoe_description/share/mistletoe_description/package.dsv'
[1.767s] INFO:colcon.colcon_core.shell:Creating package script '/home/fumi/Downloads/mistletoe_description/install/mistletoe_description/share/mistletoe_description/package.sh'
[1.768s] INFO:colcon.colcon_core.shell:Creating package script '/home/fumi/Downloads/mistletoe_description/install/mistletoe_description/share/mistletoe_description/package.bash'
[1.768s] INFO:colcon.colcon_core.shell:Creating package script '/home/fumi/Downloads/mistletoe_description/install/mistletoe_description/share/mistletoe_description/package.zsh'
[1.768s] Level 1:colcon.colcon_core.environment:create_file_with_runtime_dependencies(/home/fumi/Downloads/mistletoe_description/install/mistletoe_description/share/colcon-core/packages/mistletoe_description)
[1.799s] Level 1:colcon.colcon_core.environment:create_environment_scripts_only(mistletoe_description)
[1.811s] Level 1:colcon.colcon_core.environment:checking '/home/fumi/Downloads/mistletoe_description/install/mistletoe_description' for CMake module files
[1.812s] Level 1:colcon.colcon_core.environment:checking '/home/fumi/Downloads/mistletoe_description/install/mistletoe_description' for CMake config files
[1.812s] Level 1:colcon.colcon_core.shell:create_environment_hook('mistletoe_description', 'cmake_prefix_path')
[1.824s] INFO:colcon.colcon_core.shell:Creating environment hook '/home/fumi/Downloads/mistletoe_description/install/mistletoe_description/share/mistletoe_description/hook/cmake_prefix_path.ps1'
[1.825s] INFO:colcon.colcon_core.shell:Creating environment descriptor '/home/fumi/Downloads/mistletoe_description/install/mistletoe_description/share/mistletoe_description/hook/cmake_prefix_path.dsv'
[1.825s] INFO:colcon.colcon_core.shell:Creating environment hook '/home/fumi/Downloads/mistletoe_description/install/mistletoe_description/share/mistletoe_description/hook/cmake_prefix_path.sh'
[1.825s] Level 1:colcon.colcon_core.environment:checking '/home/fumi/Downloads/mistletoe_description/install/mistletoe_description/bin'
[1.825s] Level 1:colcon.colcon_core.environment:checking '/home/fumi/Downloads/mistletoe_description/install/mistletoe_description/lib/pkgconfig/mistletoe_description.pc'
[1.825s] Level 1:colcon.colcon_core.environment:checking '/home/fumi/Downloads/mistletoe_description/install/mistletoe_description/lib/python3.10/site-packages'
[1.826s] Level 1:colcon.colcon_core.environment:checking '/home/fumi/Downloads/mistletoe_description/install/mistletoe_description/bin'
[1.838s] INFO:colcon.colcon_core.shell:Creating package script '/home/fumi/Downloads/mistletoe_description/install/mistletoe_description/share/mistletoe_description/package.ps1'
[1.838s] INFO:colcon.colcon_core.shell:Creating package descriptor '/home/fumi/Downloads/mistletoe_description/install/mistletoe_description/share/mistletoe_description/package.dsv'
[1.839s] INFO:colcon.colcon_core.shell:Creating package script '/home/fumi/Downloads/mistletoe_description/install/mistletoe_description/share/mistletoe_description/package.sh'
[1.839s] INFO:colcon.colcon_core.shell:Creating package script '/home/fumi/Downloads/mistletoe_description/install/mistletoe_description/share/mistletoe_description/package.bash'
[1.839s] INFO:colcon.colcon_core.shell:Creating package script '/home/fumi/Downloads/mistletoe_description/install/mistletoe_description/share/mistletoe_description/package.zsh'
[1.839s] Level 1:colcon.colcon_core.environment:create_file_with_runtime_dependencies(/home/fumi/Downloads/mistletoe_description/install/mistletoe_description/share/colcon-core/packages/mistletoe_description)
[1.840s] DEBUG:colcon.colcon_parallel_executor.executor.parallel:closing loop
[1.840s] DEBUG:colcon.colcon_parallel_executor.executor.parallel:loop closed
[1.840s] DEBUG:colcon.colcon_parallel_executor.executor.parallel:run_until_complete finished with '0'
[1.840s] DEBUG:colcon.colcon_core.event_reactor:joining thread
[1.855s] INFO:colcon.colcon_core.plugin_system:Skipping extension 'colcon_notification.desktop_notification.terminal_notifier': Not used on non-Darwin systems
[1.855s] INFO:colcon.colcon_core.plugin_system:Skipping extension 'colcon_notification.desktop_notification.win32': Not used on non-Windows systems
[1.855s] INFO:colcon.colcon_notification.desktop_notification:Sending desktop notification using 'notify2'
[1.863s] DEBUG:colcon.colcon_core.event_reactor:joined thread
[1.876s] INFO:colcon.colcon_core.shell:Creating prefix script '/home/fumi/Downloads/mistletoe_description/install/local_setup.ps1'
[1.876s] INFO:colcon.colcon_core.shell:Creating prefix util module '/home/fumi/Downloads/mistletoe_description/install/_local_setup_util_ps1.py'
[1.877s] INFO:colcon.colcon_core.shell:Creating prefix chain script '/home/fumi/Downloads/mistletoe_description/install/setup.ps1'
[1.890s] INFO:colcon.colcon_core.shell:Creating prefix script '/home/fumi/Downloads/mistletoe_description/install/local_setup.sh'
[1.890s] INFO:colcon.colcon_core.shell:Creating prefix util module '/home/fumi/Downloads/mistletoe_description/install/_local_setup_util_sh.py'
[1.891s] INFO:colcon.colcon_core.shell:Creating prefix chain script '/home/fumi/Downloads/mistletoe_description/install/setup.sh'
[1.904s] INFO:colcon.colcon_core.shell:Creating prefix script '/home/fumi/Downloads/mistletoe_description/install/local_setup.bash'
[1.905s] INFO:colcon.colcon_core.shell:Creating prefix chain script '/home/fumi/Downloads/mistletoe_description/install/setup.bash'
[1.917s] INFO:colcon.colcon_core.shell:Creating prefix script '/home/fumi/Downloads/mistletoe_description/install/local_setup.zsh'
[1.917s] INFO:colcon.colcon_core.shell:Creating prefix chain script '/home/fumi/Downloads/mistletoe_description/install/setup.zsh'
